Using pre-set license
Built from '2021.1/staging' branch; Version is '2021.1.9f1 (7a790e367ab3) revision 8026382'; Using compiler version '192528614'; Build Type 'Release'
OS: 'Windows 10 Enterprise; OS build 19042.867; Version 2009; 64bit' Language: 'en' Physical Memory: 32603 MB
BatchMode: 1, IsHumanControllingUs: 0, StartBugReporterOnCrash: 0, Is64bit: 1, IsPro: 0

 COMMAND LINE ARGUMENTS:
C:\Program Files\Unity\Editor\Unity.exe
-adb2
-batchMode
-noUpm
-name
AssetImportWorker0
-projectPath
C:/Users/270030111/Lab3 Animation
-logFile
Logs/AssetImportWorker0.log
-srvPort
63479
Successfully changed project path to: C:/Users/270030111/Lab3 Animation
C:/Users/270030111/Lab3 Animation
Using Asset Import Pipeline V2.
Refreshing native plugins compatible for Editor in 72.23 ms, found 3 plugins.
Preloading 0 native plugins for Editor in 0.00 ms.
Initialize engine version: 2021.1.9f1 (7a790e367ab3)
[Subsystems] Discovering subsystems at path C:/Program Files/Unity/Editor/Data/Resources/UnitySubsystems
[Subsystems] Discovering subsystems at path C:/Users/270030111/Lab3 Animation/Assets
GfxDevice: creating device client; threaded=0; jobified=0
Direct3D:
    Version:  Direct3D 11.0 [level 11.1]
    Renderer: NVIDIA GeForce GTX 1080 (ID=0x1b80)
    Vendor:   NVIDIA
    VRAM:     8079 MB
    Driver:   27.21.14.6089
Initialize mono
Mono path[0] = 'C:/Program Files/Unity/Editor/Data/Managed'
Mono path[1] = 'C:/Program Files/Unity/Editor/Data/MonoBleedingEdge/lib/mono/unityjit'
Mono config path = 'C:/Program Files/Unity/Editor/Data/MonoBleedingEdge/etc'
Using monoOptions --debugger-agent=transport=dt_socket,embedding=1,server=y,suspend=n,address=127.0.0.1:56272
Begin MonoManager ReloadAssembly
Registering precompiled unity dll's ...
Register platform support module: C:/Program Files/Unity/Editor/Data/PlaybackEngines/WebGLSupport/UnityEditor.WebGL.Extensions.dll
Register platform support module: C:/Program Files/Unity/Editor/Data/PlaybackEngines/MacStandaloneSupport/UnityEditor.OSXStandalone.Extensions.dll
Register platform support module: C:/Program Files/Unity/Editor/Data/PlaybackEngines/WindowsStandaloneSupport/UnityEditor.WindowsStandalone.Extensions.dll
Register platform support module: C:/Program Files/Unity/Editor/Data/PlaybackEngines/LinuxStandaloneSupport/UnityEditor.LinuxStandalone.Extensions.dll
Registered in 0.002095 seconds.
Native extension for LinuxStandalone target not found
Native extension for WindowsStandalone target not found
Native extension for OSXStandalone target not found
Native extension for WebGL target not found
Refreshing native plugins compatible for Editor in 72.75 ms, found 3 plugins.
Preloading 0 native plugins for Editor in 0.00 ms.
Mono: successfully reloaded assembly
- Completed reload, in  1.143 seconds
Domain Reload Profiling:
	ReloadAssembly (1143ms)
		BeginReloadAssembly (44ms)
			ExecutionOrderSort (0ms)
			DisableScriptedObjects (0ms)
			BackupInstance (0ms)
			ReleaseScriptingObjects (0ms)
			CreateAndSetChildDomain (1ms)
		EndReloadAssembly (432ms)
			LoadAssemblies (43ms)
			RebuildTransferFunctionScriptingTraits (0ms)
			SetupTypeCache (167ms)
			ReleaseScriptCaches (0ms)
			RebuildScriptCaches (29ms)
			SetupLoadedEditorAssemblies (196ms)
				LogAssemblyErrors (0ms)
				InitializePlatformSupportModulesInManaged (8ms)
				SetLoadedEditorAssemblies (0ms)
				RefreshPlugins (73ms)
				BeforeProcessingInitializeOnLoad (1ms)
				ProcessInitializeOnLoadAttributes (88ms)
				ProcessInitializeOnLoadMethodAttributes (26ms)
				AfterProcessingInitializeOnLoad (0ms)
				EditorAssembliesLoaded (0ms)
			ExecutionOrderSort2 (0ms)
			AwakeInstancesAfterBackupRestoration (0ms)
Platform modules already initialized, skipping
Registering precompiled user dll's ...
Registered in 0.004407 seconds.
Begin MonoManager ReloadAssembly
Symbol file LoadedFromMemory doesn't match image C:\Users\270030111\Lab3 Animation\Library\PackageCache\com.unity.visualscripting@1.6.1\Editor\VisualScripting.Core\Dependencies\YamlDotNet\Unity.VisualScripting.YamlDotNet.dll
Symbol file LoadedFromMemory doesn't match image C:\Users\270030111\Lab3 Animation\Library\PackageCache\com.unity.visualscripting@1.6.1\Editor\VisualScripting.Core\Dependencies\DotNetZip\Unity.VisualScripting.IonicZip.dll
Native extension for LinuxStandalone target not found
Native extension for WindowsStandalone target not found
Native extension for OSXStandalone target not found
Native extension for WebGL target not found
Refreshing native plugins compatible for Editor in 0.48 ms, found 3 plugins.
Preloading 0 native plugins for Editor in 0.00 ms.
Mono: successfully reloaded assembly
- Completed reload, in  0.969 seconds
Domain Reload Profiling:
	ReloadAssembly (970ms)
		BeginReloadAssembly (128ms)
			ExecutionOrderSort (0ms)
			DisableScriptedObjects (4ms)
			BackupInstance (0ms)
			ReleaseScriptingObjects (0ms)
			CreateAndSetChildDomain (18ms)
		EndReloadAssembly (787ms)
			LoadAssemblies (72ms)
			RebuildTransferFunctionScriptingTraits (0ms)
			SetupTypeCache (307ms)
			ReleaseScriptCaches (0ms)
			RebuildScriptCaches (42ms)
			SetupLoadedEditorAssemblies (279ms)
				LogAssemblyErrors (0ms)
				InitializePlatformSupportModulesInManaged (7ms)
				SetLoadedEditorAssemblies (0ms)
				RefreshPlugins (1ms)
				BeforeProcessingInitializeOnLoad (61ms)
				ProcessInitializeOnLoadAttributes (202ms)
				ProcessInitializeOnLoadMethodAttributes (4ms)
				AfterProcessingInitializeOnLoad (4ms)
				EditorAssembliesLoaded (0ms)
			ExecutionOrderSort2 (0ms)
			AwakeInstancesAfterBackupRestoration (6ms)
Platform modules already initialized, skipping
========================================================================
Worker process is ready to serve import requests
Launched and connected shader compiler UnityShaderCompiler.exe after 0.03 seconds
Refreshing native plugins compatible for Editor in 0.51 ms, found 3 plugins.
Preloading 0 native plugins for Editor in 0.00 ms.
Unloading 2937 Unused Serialized files (Serialized files now loaded: 0)
System memory in use before: 105.6 MB.
System memory in use after: 105.7 MB.

Unloading 23 unused Assets to reduce memory usage. Loaded Objects now: 3381.
Total: 2.107500 ms (FindLiveObjects: 0.224200 ms CreateObjectMapping: 0.127600 ms MarkObjects: 1.686100 ms  DeleteObjects: 0.068900 ms)

AssetImportParameters requested are different than current active one (requested -> active):
  custom:framework-win-MediaFoundation: 216162199b28c13a410421893ffa2e32 -> 
  custom:video-decoder-ogg-theora: a1e56fd34408186e4bbccfd4996cb3dc -> 
  custom:container-muxer-webm: aa71ff27fc2769a1b78a27578f13a17b -> 
  custom:container-demuxer-webm: 4f35f7cbe854078d1ac9338744f61a02 -> 
  custom:container-demuxer-ogg: 62fdf1f143b41e24485cea50d1cbac27 -> 
  custom:video-encoder-webm-vp8: eb34c28f22e8b96e1ab97ce403110664 -> 
  custom:video-decoder-webm-vp8: 9c59270c3fd7afecdb556c50c9e8de78 -> 
  custom:audio-decoder-ogg-vorbis: bf7c407c2cedff20999df2af8eb42d56 -> 
  custom:audio-encoder-webm-vorbis: bf7c407c2cedff20999df2af8eb42d56 -> 
========================================================================
Received Import Request.
  path: Assets/New Animator Controller.controller
  artifactKey: Guid(30501fb188ebe74488525585e8c2c4f6) Importer(815301076,1909f56bfc062723c751e8b465ee728b)
Start importing Assets/New Animator Controller.controller using Guid(30501fb188ebe74488525585e8c2c4f6) Importer(815301076,1909f56bfc062723c751e8b465ee728b)  -> (artifact id: 'e3ecf5494bde3ce01af4b14c61dca971') in 0.029688 seconds 
========================================================================
Received Import Request.
  Time since last request: 251.583091 seconds.
  path: Assets/Animation/BoyRigAnimations/Boy.fbx
  artifactKey: Guid(7e2e51d949a37c94694e32248145714a) Importer(815301076,1909f56bfc062723c751e8b465ee728b)
Start importing Assets/Animation/BoyRigAnimations/Boy.fbx using Guid(7e2e51d949a37c94694e32248145714a) Importer(815301076,1909f56bfc062723c751e8b465ee728b)  -> (artifact id: '179d186bf8d2289752f23402d44fad0e') in 0.198191 seconds 
========================================================================
Received Import Request.
  Time since last request: 10.621252 seconds.
  path: Assets/Animation/BoyRigAnimations/Boy.fbx
  artifactKey: Guid(7e2e51d949a37c94694e32248145714a) Importer(815301076,1909f56bfc062723c751e8b465ee728b)
Start importing Assets/Animation/BoyRigAnimations/Boy.fbx using Guid(7e2e51d949a37c94694e32248145714a) Importer(815301076,1909f56bfc062723c751e8b465ee728b)  -> (artifact id: 'a96abc2c27b7c12b1ccfb2895fe106b3') in 0.043817 seconds 
========================================================================
Received Import Request.
  Time since last request: 180.563797 seconds.
  path: Assets/Animation/BoyRigAnimations/idle.fbx
  artifactKey: Guid(1ac592efcdc94d54aa20ac1d5ae0f889) Importer(815301076,1909f56bfc062723c751e8b465ee728b)
Start importing Assets/Animation/BoyRigAnimations/idle.fbx using Guid(1ac592efcdc94d54aa20ac1d5ae0f889) Importer(815301076,1909f56bfc062723c751e8b465ee728b)  -> (artifact id: '46279e2bb050096f13aeda2a3d892cba') in 0.004879 seconds 
========================================================================
Received Import Request.
  Time since last request: 3.903252 seconds.
  path: Assets/Animation/BoyRigAnimations/mixamo.com.anim
  artifactKey: Guid(f9c5bfcb771230e4499ed35d60e39d78) Importer(815301076,1909f56bfc062723c751e8b465ee728b)
Start importing Assets/Animation/BoyRigAnimations/mixamo.com.anim using Guid(f9c5bfcb771230e4499ed35d60e39d78) Importer(815301076,1909f56bfc062723c751e8b465ee728b)  -> (artifact id: 'c00e956b3a43e7b4014fc36b5d6c3ce2') in 0.005968 seconds 
========================================================================
Received Import Request.
  Time since last request: 14.155043 seconds.
  path: Assets/Materials
  artifactKey: Guid(ce8df8c1a69e00949b22ffde2b577070) Importer(815301076,1909f56bfc062723c751e8b465ee728b)
Start importing Assets/Materials using Guid(ce8df8c1a69e00949b22ffde2b577070) Importer(815301076,1909f56bfc062723c751e8b465ee728b)  -> (artifact id: 'e1f6dd2e61913ece7d4a16e4813b2f02') in 0.002211 seconds 
========================================================================
Received Import Request.
  Time since last request: 1.089061 seconds.
  path: Assets/Animation/BoyRigAnimations.zip
  artifactKey: Guid(8a353b33314df214bafd1f971cf036e0) Importer(815301076,1909f56bfc062723c751e8b465ee728b)
Start importing Assets/Animation/BoyRigAnimations.zip using Guid(8a353b33314df214bafd1f971cf036e0) Importer(815301076,1909f56bfc062723c751e8b465ee728b)  -> (artifact id: '8a43b1f486660f8fc65ce3a09d223467') in 0.005442 seconds 
========================================================================
Received Import Request.
  Time since last request: 0.676259 seconds.
  path: Assets/Animation/Boy01_spec.jpg
  artifactKey: Guid(bf3e293f50af27a4eaf163d56ccc06e4) Importer(815301076,1909f56bfc062723c751e8b465ee728b)
Start importing Assets/Animation/Boy01_spec.jpg using Guid(bf3e293f50af27a4eaf163d56ccc06e4) Importer(815301076,1909f56bfc062723c751e8b465ee728b)  -> (artifact id: '3d074e3b48fab8843a4237dfffe0eea9') in 0.030893 seconds 
========================================================================
Received Import Request.
  Time since last request: 18.740771 seconds.
  path: Assets/Animation/BoyRigAnimations/Idle.anim
  artifactKey: Guid(f9c5bfcb771230e4499ed35d60e39d78) Importer(815301076,1909f56bfc062723c751e8b465ee728b)
Start importing Assets/Animation/BoyRigAnimations/Idle.anim using Guid(f9c5bfcb771230e4499ed35d60e39d78) Importer(815301076,1909f56bfc062723c751e8b465ee728b)  -> (artifact id: '471a23995d33b46785beffdfa22f4db2') in 0.004082 seconds 
========================================================================
Received Import Request.
  Time since last request: 3329.305064 seconds.
  path: Assets/Animation/BoyRigAnimations/BoyJump.fbx
  artifactKey: Guid(5a9c69e46849c314a82b7db680ec90c1) Importer(815301076,1909f56bfc062723c751e8b465ee728b)
Start importing Assets/Animation/BoyRigAnimations/BoyJump.fbx using Guid(5a9c69e46849c314a82b7db680ec90c1) Importer(815301076,1909f56bfc062723c751e8b465ee728b)  -> (artifact id: '7d05bdc5a5610eb54e6d9b9f31da5724') in 0.005656 seconds 
========================================================================
Received Import Request.
  Time since last request: 0.566828 seconds.
  path: Assets/Animation/BoyRigAnimations/BoyRun.fbx
  artifactKey: Guid(fc062525104006540bb7e623fdb60861) Importer(815301076,1909f56bfc062723c751e8b465ee728b)
Start importing Assets/Animation/BoyRigAnimations/BoyRun.fbx using Guid(fc062525104006540bb7e623fdb60861) Importer(815301076,1909f56bfc062723c751e8b465ee728b)  -> (artifact id: 'd516e9003231ebd51b5cd70a8b0a65da') in 0.005245 seconds 
========================================================================
Received Import Request.
  Time since last request: 6.075100 seconds.
  path: Assets/Animation/BoyRigAnimations/BoyWalkRight.fbx
  artifactKey: Guid(c0f56adf5b1cb29468e53f6a20905056) Importer(815301076,1909f56bfc062723c751e8b465ee728b)
Start importing Assets/Animation/BoyRigAnimations/BoyWalkRight.fbx using Guid(c0f56adf5b1cb29468e53f6a20905056) Importer(815301076,1909f56bfc062723c751e8b465ee728b)  -> (artifact id: '6db470ccd85a5ea6f52dc33b22033f7f') in 0.004812 seconds 
========================================================================
Received Import Request.
  Time since last request: 2.529929 seconds.
  path: Assets/Animation/BoyRigAnimations/mixamo.com.anim
  artifactKey: Guid(b63f4ec9b7000e1488604252875c6f6a) Importer(815301076,1909f56bfc062723c751e8b465ee728b)
Start importing Assets/Animation/BoyRigAnimations/mixamo.com.anim using Guid(b63f4ec9b7000e1488604252875c6f6a) Importer(815301076,1909f56bfc062723c751e8b465ee728b)  -> (artifact id: '8d9638970fa1294455d3d2d5e82ef11a') in 0.005217 seconds 
========================================================================
Received Import Request.
  Time since last request: 10.434911 seconds.
  path: Assets/Animation/BoyRigAnimations/WalkRight.anim
  artifactKey: Guid(b63f4ec9b7000e1488604252875c6f6a) Importer(815301076,1909f56bfc062723c751e8b465ee728b)
Start importing Assets/Animation/BoyRigAnimations/WalkRight.anim using Guid(b63f4ec9b7000e1488604252875c6f6a) Importer(815301076,1909f56bfc062723c751e8b465ee728b)  -> (artifact id: '07fb3d4ed1ae535e9f96d3c6deac126b') in 0.005745 seconds 
========================================================================
Received Import Request.
  Time since last request: 12.032628 seconds.
  path: Assets/Animation/BoyRigAnimations/BoyWalkLeft.fbx
  artifactKey: Guid(b924af5f6f3615c4a8686323f6e119f4) Importer(815301076,1909f56bfc062723c751e8b465ee728b)
Start importing Assets/Animation/BoyRigAnimations/BoyWalkLeft.fbx using Guid(b924af5f6f3615c4a8686323f6e119f4) Importer(815301076,1909f56bfc062723c751e8b465ee728b)  -> (artifact id: 'ce706695a672d0357ab34eed6070ba82') in 0.004745 seconds 
========================================================================
Received Import Request.
  Time since last request: 12.366377 seconds.
  path: Assets/Animation/BoyRigAnimations/mixamo.com.anim
  artifactKey: Guid(419168c52e0ac8142b00430d22d44ec7) Importer(815301076,1909f56bfc062723c751e8b465ee728b)
Start importing Assets/Animation/BoyRigAnimations/mixamo.com.anim using Guid(419168c52e0ac8142b00430d22d44ec7) Importer(815301076,1909f56bfc062723c751e8b465ee728b)  -> (artifact id: '6e0c2d47016c408013e0b9c7a43905ed') in 0.005872 seconds 
========================================================================
Received Import Request.
  Time since last request: 10.027023 seconds.
  path: Assets/Animation/BoyRigAnimations/WalkLeft.anim
  artifactKey: Guid(419168c52e0ac8142b00430d22d44ec7) Importer(815301076,1909f56bfc062723c751e8b465ee728b)
Start importing Assets/Animation/BoyRigAnimations/WalkLeft.anim using Guid(419168c52e0ac8142b00430d22d44ec7) Importer(815301076,1909f56bfc062723c751e8b465ee728b)  -> (artifact id: '0f3c50e5f9380e851b415bc53127fad7') in 0.005407 seconds 
========================================================================
Received Import Request.
  Time since last request: 25.552758 seconds.
  path: Assets/Animation/BoyRigAnimations/BoyWalk.fbx
  artifactKey: Guid(9a00ab047ebe672489fc5b0191eeed3e) Importer(815301076,1909f56bfc062723c751e8b465ee728b)
Start importing Assets/Animation/BoyRigAnimations/BoyWalk.fbx using Guid(9a00ab047ebe672489fc5b0191eeed3e) Importer(815301076,1909f56bfc062723c751e8b465ee728b)  -> (artifact id: '5e35d5d2a67b2486568266edec949d51') in 0.004778 seconds 
========================================================================
Received Import Request.
  Time since last request: 4.660213 seconds.
  path: Assets/Animation/BoyRigAnimations/mixamo.com.anim
  artifactKey: Guid(37cf1bdc53fe3e449af66ce563232e8a) Importer(815301076,1909f56bfc062723c751e8b465ee728b)
Start importing Assets/Animation/BoyRigAnimations/mixamo.com.anim using Guid(37cf1bdc53fe3e449af66ce563232e8a) Importer(815301076,1909f56bfc062723c751e8b465ee728b)  -> (artifact id: 'ed190abf5a733b7c904956a81bc457fb') in 0.005198 seconds 
========================================================================
Received Import Request.
  Time since last request: 15.829548 seconds.
  path: Assets/Animation/BoyRigAnimations/Walk.anim
  artifactKey: Guid(37cf1bdc53fe3e449af66ce563232e8a) Importer(815301076,1909f56bfc062723c751e8b465ee728b)
Start importing Assets/Animation/BoyRigAnimations/Walk.anim using Guid(37cf1bdc53fe3e449af66ce563232e8a) Importer(815301076,1909f56bfc062723c751e8b465ee728b)  -> (artifact id: '9d51b8997623019a0acdb4e33493883c') in 0.005589 seconds 
========================================================================
Received Import Request.
  Time since last request: 12.353722 seconds.
  path: Assets/Animation/BoyRigAnimations/BoyRunRight.fbx
  artifactKey: Guid(d6168c21d6100ee47a362a4b4eda631a) Importer(815301076,1909f56bfc062723c751e8b465ee728b)
Start importing Assets/Animation/BoyRigAnimations/BoyRunRight.fbx using Guid(d6168c21d6100ee47a362a4b4eda631a) Importer(815301076,1909f56bfc062723c751e8b465ee728b)  -> (artifact id: '05685ed27bda028de3699b8546a54c5c') in 0.004609 seconds 
========================================================================
Received Import Request.
  Time since last request: 0.926365 seconds.
  path: Assets/Animation/BoyRigAnimations/mixamo.com.anim
  artifactKey: Guid(b0762dd9a028ce446b5395b4cd6b57dc) Importer(815301076,1909f56bfc062723c751e8b465ee728b)
Start importing Assets/Animation/BoyRigAnimations/mixamo.com.anim using Guid(b0762dd9a028ce446b5395b4cd6b57dc) Importer(815301076,1909f56bfc062723c751e8b465ee728b)  -> (artifact id: '18668873fcdb3808baf7e1b6866c1c80') in 0.005515 seconds 
========================================================================
Received Import Request.
  Time since last request: 6.996647 seconds.
  path: Assets/Animation/BoyRigAnimations/RunRight.anim
  artifactKey: Guid(b0762dd9a028ce446b5395b4cd6b57dc) Importer(815301076,1909f56bfc062723c751e8b465ee728b)
Start importing Assets/Animation/BoyRigAnimations/RunRight.anim using Guid(b0762dd9a028ce446b5395b4cd6b57dc) Importer(815301076,1909f56bfc062723c751e8b465ee728b)  -> (artifact id: '0f43cbe3d613eb27b85c7859bf1bb46e') in 0.006305 seconds 
========================================================================
Received Import Request.
  Time since last request: 6.301950 seconds.
  path: Assets/Animation/BoyRigAnimations/BoyRunLeft.fbx
  artifactKey: Guid(f4380166754e1614f808b999ef307555) Importer(815301076,1909f56bfc062723c751e8b465ee728b)
Start importing Assets/Animation/BoyRigAnimations/BoyRunLeft.fbx using Guid(f4380166754e1614f808b999ef307555) Importer(815301076,1909f56bfc062723c751e8b465ee728b)  -> (artifact id: 'df337a7f881a947bd18014227448d8ee') in 0.004564 seconds 
========================================================================
Received Import Request.
  Time since last request: 1.549344 seconds.
  path: Assets/Animation/BoyRigAnimations/mixamo.com.anim
  artifactKey: Guid(65b2b8ff83a6d264a9885de51261e8f8) Importer(815301076,1909f56bfc062723c751e8b465ee728b)
Start importing Assets/Animation/BoyRigAnimations/mixamo.com.anim using Guid(65b2b8ff83a6d264a9885de51261e8f8) Importer(815301076,1909f56bfc062723c751e8b465ee728b)  -> (artifact id: 'a5740fa166ddd72a7e952fdeb5869f32') in 0.005395 seconds 
========================================================================
Received Import Request.
  Time since last request: 10.919972 seconds.
  path: Assets/Animation/BoyRigAnimations/RunLeft.anim
  artifactKey: Guid(65b2b8ff83a6d264a9885de51261e8f8) Importer(815301076,1909f56bfc062723c751e8b465ee728b)
Start importing Assets/Animation/BoyRigAnimations/RunLeft.anim using Guid(65b2b8ff83a6d264a9885de51261e8f8) Importer(815301076,1909f56bfc062723c751e8b465ee728b)  -> (artifact id: '4e401b63e001971b172d798c5975550e') in 0.005848 seconds 
========================================================================
Received Import Request.
  Time since last request: 6.932987 seconds.
  path: Assets/Animation/BoyRigAnimations/mixamo.com.anim
  artifactKey: Guid(e6559a5422970d44a8b8d9734799fdfc) Importer(815301076,1909f56bfc062723c751e8b465ee728b)
Start importing Assets/Animation/BoyRigAnimations/mixamo.com.anim using Guid(e6559a5422970d44a8b8d9734799fdfc) Importer(815301076,1909f56bfc062723c751e8b465ee728b)  -> (artifact id: '482b25882bfa114921ad01c77dc02141') in 0.006020 seconds 
========================================================================
Received Import Request.
  Time since last request: 7.891156 seconds.
  path: Assets/Animation/BoyRigAnimations/Run.anim
  artifactKey: Guid(e6559a5422970d44a8b8d9734799fdfc) Importer(815301076,1909f56bfc062723c751e8b465ee728b)
Start importing Assets/Animation/BoyRigAnimations/Run.anim using Guid(e6559a5422970d44a8b8d9734799fdfc) Importer(815301076,1909f56bfc062723c751e8b465ee728b)  -> (artifact id: '25089281118cb72391ea36575b4233c9') in 0.006023 seconds 
========================================================================
Received Import Request.
  Time since last request: 863.608455 seconds.
  path: Assets/Script
  artifactKey: Guid(219a38d64b869d94292d64eb616a5850) Importer(815301076,1909f56bfc062723c751e8b465ee728b)
Start importing Assets/Script using Guid(219a38d64b869d94292d64eb616a5850) Importer(815301076,1909f56bfc062723c751e8b465ee728b)  -> (artifact id: '4214a03cefe7a4e99ed91cb5ca2ed546') in 0.002441 seconds 
